<?xml version="1.0" encoding="UTF-8"?>
<!-- Generated by org.testng.reporters.JUnitReportReporter -->
<testsuite skipped="0" hostname="INLN56579633A" name="com.practice.testng.TestBeforeAfter" tests="1" failures="0" timestamp="12 Jun 2019 09:54:45 GMT" time="0.021" errors="0">
  <testcase name="TestMethod3" time="0.021" classname="com.practice.testng.TestBeforeAfter"/>
</testsuite> <!-- com.practice.testng.TestBeforeAfter -->
