<?xml version="1.0" encoding="UTF-8"?>
<!-- Generated by org.testng.reporters.JUnitReportReporter -->
<testsuite skipped="0" hostname="INLN56579633A" name="com.practice.testng.Dependent" tests="3" failures="0" timestamp="12 Jun 2019 09:56:23 GMT" time="0.018" errors="0">
  <testcase name="OpenBrowser" time="0.013" classname="com.practice.testng.Dependent"/>
  <testcase name="LogOut" time="0.003" classname="com.practice.testng.Dependent"/>
  <testcase name="SignIn" time="0.002" classname="com.practice.testng.Dependent"/>
</testsuite> <!-- com.practice.testng.Dependent -->
