<?xml version="1.0" encoding="UTF-8"?>
<!-- Generated by org.testng.reporters.JUnitReportReporter -->
<testsuite skipped="0" hostname="INLN56579633A" name="com.practice.testng.Priority" tests="4" failures="0" timestamp="12 Jun 2019 09:58:24 GMT" time="0.031" errors="0">
  <testcase name="One" time="0.021" classname="com.practice.testng.Priority"/>
  <testcase name="Three" time="0.002" classname="com.practice.testng.Priority"/>
  <testcase name="Two" time="0.005" classname="com.practice.testng.Priority"/>
  <testcase name="Four" time="0.003" classname="com.practice.testng.Priority"/>
</testsuite> <!-- com.practice.testng.Priority -->
